{"Timestamp": "2023-12-08 01:36:29", "System_Logs": {"CPU_Percentage": 9.3}}
{"Timestamp": "2023-12-08 01:36:29", "System_Logs": {"Memory_Percentage": 77.2}}
{"Timestamp": "2023-12-08 01:36:29", "System_Logs": {"Disk_Usage": "Total: 237.68 GB, Used: 137.80 GB, Free: 99.88 GB, Percentage Used: 58.0%"}}
{"Timestamp": "2023-12-08 01:36:29", "System_Logs": {"Network_Stats": {"data": ["Interface: Ethernet, Bytes sent: 0, Bytes received: 0, Packets sent: 0, Packets received: 0", "Interface: Ethernet 3, Bytes sent: 0, Bytes received: 0, Packets sent: 0, Packets received: 0", "Interface: Local Area Connection* 1, Bytes sent: 0, Bytes received: 0, Packets sent: 0, Packets received: 0", "Interface: Local Area Connection* 2, Bytes sent: 0, Bytes received: 0, Packets sent: 0, Packets received: 0", "Interface: WiFi, Bytes sent: 88363856, Bytes received: 528124449, Packets sent: 408165, Packets received: 651375", "Interface: Loopback Pseudo-Interface 1, Bytes sent: 0, Bytes received: 0, Packets sent: 0, Packets received: 0", "Interface: vEthernet (WSL (Hyper-V firewall)), Bytes sent: 74531366, Bytes received: 2053290, Packets sent: 76867, Packets received: 25341"]}}}
{"Timestamp": "2023-12-08 01:36:35", "System_Logs": {"CPU_Percentage": 15.3}}
{"Timestamp": "2023-12-08 01:36:35", "System_Logs": {"Memory_Percentage": 77.0}}
{"Timestamp": "2023-12-08 01:36:35", "System_Logs": {"Disk_Usage": "Total: 237.68 GB, Used: 137.80 GB, Free: 99.88 GB, Percentage Used: 58.0%"}}
{"Timestamp": "2023-12-08 01:36:35", "System_Logs": {"Network_Stats": {"data": ["Interface: Ethernet, Bytes sent: 0, Bytes received: 0, Packets sent: 0, Packets received: 0", "Interface: Ethernet 3, Bytes sent: 0, Bytes received: 0, Packets sent: 0, Packets received: 0", "Interface: Local Area Connection* 1, Bytes sent: 0, Bytes received: 0, Packets sent: 0, Packets received: 0", "Interface: Local Area Connection* 2, Bytes sent: 0, Bytes received: 0, Packets sent: 0, Packets received: 0", "Interface: WiFi, Bytes sent: 88375127, Bytes received: 528134925, Packets sent: 408211, Packets received: 651415", "Interface: Loopback Pseudo-Interface 1, Bytes sent: 0, Bytes received: 0, Packets sent: 0, Packets received: 0", "Interface: vEthernet (WSL (Hyper-V firewall)), Bytes sent: 74532665, Bytes received: 2053290, Packets sent: 76873, Packets received: 25341"]}}}
{"Timestamp": "2023-12-08 01:36:41", "System_Logs": {"CPU_Percentage": 18.8}}
{"Timestamp": "2023-12-08 01:36:41", "System_Logs": {"Memory_Percentage": 76.9}}
{"Timestamp": "2023-12-08 01:36:41", "System_Logs": {"Disk_Usage": "Total: 237.68 GB, Used: 137.80 GB, Free: 99.88 GB, Percentage Used: 58.0%"}}
{"Timestamp": "2023-12-08 01:36:41", "System_Logs": {"Network_Stats": {"data": ["Interface: Ethernet, Bytes sent: 0, Bytes received: 0, Packets sent: 0, Packets received: 0", "Interface: Ethernet 3, Bytes sent: 0, Bytes received: 0, Packets sent: 0, Packets received: 0", "Interface: Local Area Connection* 1, Bytes sent: 0, Bytes received: 0, Packets sent: 0, Packets received: 0", "Interface: Local Area Connection* 2, Bytes sent: 0, Bytes received: 0, Packets sent: 0, Packets received: 0", "Interface: WiFi, Bytes sent: 88386446, Bytes received: 528144654, Packets sent: 408268, Packets received: 651469", "Interface: Loopback Pseudo-Interface 1, Bytes sent: 0, Bytes received: 0, Packets sent: 0, Packets received: 0", "Interface: vEthernet (WSL (Hyper-V firewall)), Bytes sent: 74532665, Bytes received: 2053290, Packets sent: 76873, Packets received: 25341"]}}}
{"Timestamp": "2023-12-08 01:36:47", "System_Logs": {"CPU_Percentage": 6.300000000000001}}
{"Timestamp": "2023-12-08 01:36:47", "System_Logs": {"Memory_Percentage": 76.9}}
{"Timestamp": "2023-12-08 01:36:47", "System_Logs": {"Disk_Usage": "Total: 237.68 GB, Used: 137.80 GB, Free: 99.88 GB, Percentage Used: 58.0%"}}
{"Timestamp": "2023-12-08 01:36:47", "System_Logs": {"Network_Stats": {"data": ["Interface: Ethernet, Bytes sent: 0, Bytes received: 0, Packets sent: 0, Packets received: 0", "Interface: Ethernet 3, Bytes sent: 0, Bytes received: 0, Packets sent: 0, Packets received: 0", "Interface: Local Area Connection* 1, Bytes sent: 0, Bytes received: 0, Packets sent: 0, Packets received: 0", "Interface: Local Area Connection* 2, Bytes sent: 0, Bytes received: 0, Packets sent: 0, Packets received: 0", "Interface: WiFi, Bytes sent: 88403285, Bytes received: 528154740, Packets sent: 408319, Packets received: 651524", "Interface: Loopback Pseudo-Interface 1, Bytes sent: 0, Bytes received: 0, Packets sent: 0, Packets received: 0", "Interface: vEthernet (WSL (Hyper-V firewall)), Bytes sent: 74532665, Bytes received: 2053290, Packets sent: 76873, Packets received: 25341"]}}}
{"Timestamp": "2023-12-08 01:36:53", "System_Logs": {"CPU_Percentage": 7.800000000000001}}
{"Timestamp": "2023-12-08 01:36:53", "System_Logs": {"Memory_Percentage": 77.0}}
{"Timestamp": "2023-12-08 01:36:53", "System_Logs": {"Disk_Usage": "Total: 237.68 GB, Used: 137.80 GB, Free: 99.88 GB, Percentage Used: 58.0%"}}
{"Timestamp": "2023-12-08 01:36:53", "System_Logs": {"Network_Stats": {"data": ["Interface: Ethernet, Bytes sent: 0, Bytes received: 0, Packets sent: 0, Packets received: 0", "Interface: Ethernet 3, Bytes sent: 0, Bytes received: 0, Packets sent: 0, Packets received: 0", "Interface: Local Area Connection* 1, Bytes sent: 0, Bytes received: 0, Packets sent: 0, Packets received: 0", "Interface: Local Area Connection* 2, Bytes sent: 0, Bytes received: 0, Packets sent: 0, Packets received: 0", "Interface: WiFi, Bytes sent: 88405150, Bytes received: 528158158, Packets sent: 408346, Packets received: 651553", "Interface: Loopback Pseudo-Interface 1, Bytes sent: 0, Bytes received: 0, Packets sent: 0, Packets received: 0", "Interface: vEthernet (WSL (Hyper-V firewall)), Bytes sent: 74532665, Bytes received: 2053290, Packets sent: 76873, Packets received: 25341"]}}}
{"Timestamp": "2023-12-08 01:36:59", "System_Logs": {"CPU_Percentage": 4.7}}
{"Timestamp": "2023-12-08 01:36:59", "System_Logs": {"Memory_Percentage": 77.0}}
{"Timestamp": "2023-12-08 01:36:59", "System_Logs": {"Disk_Usage": "Total: 237.68 GB, Used: 137.80 GB, Free: 99.88 GB, Percentage Used: 58.0%"}}
{"Timestamp": "2023-12-08 01:36:59", "System_Logs": {"Network_Stats": {"data": ["Interface: Ethernet, Bytes sent: 0, Bytes received: 0, Packets sent: 0, Packets received: 0", "Interface: Ethernet 3, Bytes sent: 0, Bytes received: 0, Packets sent: 0, Packets received: 0", "Interface: Local Area Connection* 1, Bytes sent: 0, Bytes received: 0, Packets sent: 0, Packets received: 0", "Interface: Local Area Connection* 2, Bytes sent: 0, Bytes received: 0, Packets sent: 0, Packets received: 0", "Interface: WiFi, Bytes sent: 88409017, Bytes received: 528161851, Packets sent: 408380, Packets received: 651584", "Interface: Loopback Pseudo-Interface 1, Bytes sent: 0, Bytes received: 0, Packets sent: 0, Packets received: 0", "Interface: vEthernet (WSL (Hyper-V firewall)), Bytes sent: 74532665, Bytes received: 2053290, Packets sent: 76873, Packets received: 25341"]}}}
{"Timestamp": "2023-12-08 01:37:05", "System_Logs": {"CPU_Percentage": 1.6}}
{"Timestamp": "2023-12-08 01:37:05", "System_Logs": {"Memory_Percentage": 76.9}}
{"Timestamp": "2023-12-08 01:37:05", "System_Logs": {"Disk_Usage": "Total: 237.68 GB, Used: 137.80 GB, Free: 99.88 GB, Percentage Used: 58.0%"}}
{"Timestamp": "2023-12-08 01:37:05", "System_Logs": {"Network_Stats": {"data": ["Interface: Ethernet, Bytes sent: 0, Bytes received: 0, Packets sent: 0, Packets received: 0", "Interface: Ethernet 3, Bytes sent: 0, Bytes received: 0, Packets sent: 0, Packets received: 0", "Interface: Local Area Connection* 1, Bytes sent: 0, Bytes received: 0, Packets sent: 0, Packets received: 0", "Interface: Local Area Connection* 2, Bytes sent: 0, Bytes received: 0, Packets sent: 0, Packets received: 0", "Interface: WiFi, Bytes sent: 88414626, Bytes received: 528167638, Packets sent: 408409, Packets received: 651615", "Interface: Loopback Pseudo-Interface 1, Bytes sent: 0, Bytes received: 0, Packets sent: 0, Packets received: 0", "Interface: vEthernet (WSL (Hyper-V firewall)), Bytes sent: 74532665, Bytes received: 2053290, Packets sent: 76873, Packets received: 25341"]}}}
{"Timestamp": "2023-12-08 01:37:11", "System_Logs": {"CPU_Percentage": 7.800000000000001}}
{"Timestamp": "2023-12-08 01:37:11", "System_Logs": {"Memory_Percentage": 77.0}}
{"Timestamp": "2023-12-08 01:37:11", "System_Logs": {"Disk_Usage": "Total: 237.68 GB, Used: 137.80 GB, Free: 99.88 GB, Percentage Used: 58.0%"}}
{"Timestamp": "2023-12-08 01:37:11", "System_Logs": {"Network_Stats": {"data": ["Interface: Ethernet, Bytes sent: 0, Bytes received: 0, Packets sent: 0, Packets received: 0", "Interface: Ethernet 3, Bytes sent: 0, Bytes received: 0, Packets sent: 0, Packets received: 0", "Interface: Local Area Connection* 1, Bytes sent: 0, Bytes received: 0, Packets sent: 0, Packets received: 0", "Interface: Local Area Connection* 2, Bytes sent: 0, Bytes received: 0, Packets sent: 0, Packets received: 0", "Interface: WiFi, Bytes sent: 88419126, Bytes received: 528170422, Packets sent: 408431, Packets received: 651639", "Interface: Loopback Pseudo-Interface 1, Bytes sent: 0, Bytes received: 0, Packets sent: 0, Packets received: 0", "Interface: vEthernet (WSL (Hyper-V firewall)), Bytes sent: 74532665, Bytes received: 2053290, Packets sent: 76873, Packets received: 25341"]}}}
{"Timestamp": "2023-12-08 01:37:17", "System_Logs": {"CPU_Percentage": 15.7}}
{"Timestamp": "2023-12-08 01:37:17", "System_Logs": {"Memory_Percentage": 77.0}}
{"Timestamp": "2023-12-08 01:37:17", "System_Logs": {"Disk_Usage": "Total: 237.68 GB, Used: 137.80 GB, Free: 99.88 GB, Percentage Used: 58.0%"}}
{"Timestamp": "2023-12-08 01:37:17", "System_Logs": {"Network_Stats": {"data": ["Interface: Ethernet, Bytes sent: 0, Bytes received: 0, Packets sent: 0, Packets received: 0", "Interface: Ethernet 3, Bytes sent: 0, Bytes received: 0, Packets sent: 0, Packets received: 0", "Interface: Local Area Connection* 1, Bytes sent: 0, Bytes received: 0, Packets sent: 0, Packets received: 0", "Interface: Local Area Connection* 2, Bytes sent: 0, Bytes received: 0, Packets sent: 0, Packets received: 0", "Interface: WiFi, Bytes sent: 88420195, Bytes received: 528171553, Packets sent: 408448, Packets received: 651654", "Interface: Loopback Pseudo-Interface 1, Bytes sent: 0, Bytes received: 0, Packets sent: 0, Packets received: 0", "Interface: vEthernet (WSL (Hyper-V firewall)), Bytes sent: 74532665, Bytes received: 2053290, Packets sent: 76873, Packets received: 25341"]}}}
{"Timestamp": "2023-12-08 01:37:23", "System_Logs": {"CPU_Percentage": 9.299999999999999}}
{"Timestamp": "2023-12-08 01:37:23", "System_Logs": {"Memory_Percentage": 77.0}}
{"Timestamp": "2023-12-08 01:37:23", "System_Logs": {"Disk_Usage": "Total: 237.68 GB, Used: 137.80 GB, Free: 99.88 GB, Percentage Used: 58.0%"}}
{"Timestamp": "2023-12-08 01:37:23", "System_Logs": {"Network_Stats": {"data": ["Interface: Ethernet, Bytes sent: 0, Bytes received: 0, Packets sent: 0, Packets received: 0", "Interface: Ethernet 3, Bytes sent: 0, Bytes received: 0, Packets sent: 0, Packets received: 0", "Interface: Local Area Connection* 1, Bytes sent: 0, Bytes received: 0, Packets sent: 0, Packets received: 0", "Interface: Local Area Connection* 2, Bytes sent: 0, Bytes received: 0, Packets sent: 0, Packets received: 0", "Interface: WiFi, Bytes sent: 88425527, Bytes received: 528178993, Packets sent: 408491, Packets received: 651697", "Interface: Loopback Pseudo-Interface 1, Bytes sent: 0, Bytes received: 0, Packets sent: 0, Packets received: 0", "Interface: vEthernet (WSL (Hyper-V firewall)), Bytes sent: 74532665, Bytes received: 2053290, Packets sent: 76873, Packets received: 25341"]}}}
{"Timestamp": "2023-12-08 01:37:59", "System_Logs": {"CPU_Percentage": 7.799999999999999}}
{"Timestamp": "2023-12-08 01:37:59", "System_Logs": {"Memory_Percentage": 77.0}}
{"Timestamp": "2023-12-08 01:37:59", "System_Logs": {"Disk_Usage": "Total: 237.68 GB, Used: 137.80 GB, Free: 99.88 GB, Percentage Used: 58.0%"}}
{"Timestamp": "2023-12-08 01:37:59", "System_Logs": {"Network_Stats": {"data": ["Interface: Ethernet, Bytes sent: 0, Bytes received: 0, Packets sent: 0, Packets received: 0", "Interface: Ethernet 3, Bytes sent: 0, Bytes received: 0, Packets sent: 0, Packets received: 0", "Interface: Local Area Connection* 1, Bytes sent: 0, Bytes received: 0, Packets sent: 0, Packets received: 0", "Interface: Local Area Connection* 2, Bytes sent: 0, Bytes received: 0, Packets sent: 0, Packets received: 0", "Interface: WiFi, Bytes sent: 88456377, Bytes received: 528230219, Packets sent: 408705, Packets received: 651947", "Interface: Loopback Pseudo-Interface 1, Bytes sent: 0, Bytes received: 0, Packets sent: 0, Packets received: 0", "Interface: vEthernet (WSL (Hyper-V firewall)), Bytes sent: 74533045, Bytes received: 2053290, Packets sent: 76877, Packets received: 25341"]}}}
{"Timestamp": "2023-12-08 01:38:05", "System_Logs": {"CPU_Percentage": 15.6}}
{"Timestamp": "2023-12-08 01:38:05", "System_Logs": {"Memory_Percentage": 77.4}}
{"Timestamp": "2023-12-08 01:38:05", "System_Logs": {"Disk_Usage": "Total: 237.68 GB, Used: 137.80 GB, Free: 99.88 GB, Percentage Used: 58.0%"}}
{"Timestamp": "2023-12-08 01:38:05", "System_Logs": {"Network_Stats": {"data": ["Interface: Ethernet, Bytes sent: 0, Bytes received: 0, Packets sent: 0, Packets received: 0", "Interface: Ethernet 3, Bytes sent: 0, Bytes received: 0, Packets sent: 0, Packets received: 0", "Interface: Local Area Connection* 1, Bytes sent: 0, Bytes received: 0, Packets sent: 0, Packets received: 0", "Interface: Local Area Connection* 2, Bytes sent: 0, Bytes received: 0, Packets sent: 0, Packets received: 0", "Interface: WiFi, Bytes sent: 88477678, Bytes received: 528248273, Packets sent: 408767, Packets received: 652005", "Interface: Loopback Pseudo-Interface 1, Bytes sent: 0, Bytes received: 0, Packets sent: 0, Packets received: 0", "Interface: vEthernet (WSL (Hyper-V firewall)), Bytes sent: 74533045, Bytes received: 2053290, Packets sent: 76877, Packets received: 25341"]}}}
{"Timestamp": "2023-12-08 01:38:11", "System_Logs": {"CPU_Percentage": 32.7}}
{"Timestamp": "2023-12-08 01:38:11", "System_Logs": {"Memory_Percentage": 77.5}}
{"Timestamp": "2023-12-08 01:38:11", "System_Logs": {"Disk_Usage": "Total: 237.68 GB, Used: 137.80 GB, Free: 99.88 GB, Percentage Used: 58.0%"}}
{"Timestamp": "2023-12-08 01:38:12", "System_Logs": {"Network_Stats": {"data": ["Interface: Ethernet, Bytes sent: 0, Bytes received: 0, Packets sent: 0, Packets received: 0", "Interface: Ethernet 3, Bytes sent: 0, Bytes received: 0, Packets sent: 0, Packets received: 0", "Interface: Local Area Connection* 1, Bytes sent: 0, Bytes received: 0, Packets sent: 0, Packets received: 0", "Interface: Local Area Connection* 2, Bytes sent: 0, Bytes received: 0, Packets sent: 0, Packets received: 0", "Interface: WiFi, Bytes sent: 88479362, Bytes received: 528250124, Packets sent: 408792, Packets received: 652028", "Interface: Loopback Pseudo-Interface 1, Bytes sent: 0, Bytes received: 0, Packets sent: 0, Packets received: 0", "Interface: vEthernet (WSL (Hyper-V firewall)), Bytes sent: 74533045, Bytes received: 2053290, Packets sent: 76877, Packets received: 25341"]}}}
{"Timestamp": "2023-12-08 01:38:18", "System_Logs": {"CPU_Percentage": 24.1}}
{"Timestamp": "2023-12-08 01:38:18", "System_Logs": {"Memory_Percentage": 77.1}}
{"Timestamp": "2023-12-08 01:38:18", "System_Logs": {"Disk_Usage": "Total: 237.68 GB, Used: 137.80 GB, Free: 99.88 GB, Percentage Used: 58.0%"}}
{"Timestamp": "2023-12-08 01:38:18", "System_Logs": {"Network_Stats": {"data": ["Interface: Ethernet, Bytes sent: 0, Bytes received: 0, Packets sent: 0, Packets received: 0", "Interface: Ethernet 3, Bytes sent: 0, Bytes received: 0, Packets sent: 0, Packets received: 0", "Interface: Local Area Connection* 1, Bytes sent: 0, Bytes received: 0, Packets sent: 0, Packets received: 0", "Interface: Local Area Connection* 2, Bytes sent: 0, Bytes received: 0, Packets sent: 0, Packets received: 0", "Interface: WiFi, Bytes sent: 88480687, Bytes received: 528251545, Packets sent: 408814, Packets received: 652048", "Interface: Loopback Pseudo-Interface 1, Bytes sent: 0, Bytes received: 0, Packets sent: 0, Packets received: 0", "Interface: vEthernet (WSL (Hyper-V firewall)), Bytes sent: 74533045, Bytes received: 2053290, Packets sent: 76877, Packets received: 25341"]}}}
{"Timestamp": "2023-12-08 01:38:24", "System_Logs": {"CPU_Percentage": 9.3}}
{"Timestamp": "2023-12-08 01:38:24", "System_Logs": {"Memory_Percentage": 77.1}}
{"Timestamp": "2023-12-08 01:38:24", "System_Logs": {"Disk_Usage": "Total: 237.68 GB, Used: 137.80 GB, Free: 99.88 GB, Percentage Used: 58.0%"}}
{"Timestamp": "2023-12-08 01:38:24", "System_Logs": {"Network_Stats": {"data": ["Interface: Ethernet, Bytes sent: 0, Bytes received: 0, Packets sent: 0, Packets received: 0", "Interface: Ethernet 3, Bytes sent: 0, Bytes received: 0, Packets sent: 0, Packets received: 0", "Interface: Local Area Connection* 1, Bytes sent: 0, Bytes received: 0, Packets sent: 0, Packets received: 0", "Interface: Local Area Connection* 2, Bytes sent: 0, Bytes received: 0, Packets sent: 0, Packets received: 0", "Interface: WiFi, Bytes sent: 88486538, Bytes received: 528254919, Packets sent: 408855, Packets received: 652089", "Interface: Loopback Pseudo-Interface 1, Bytes sent: 0, Bytes received: 0, Packets sent: 0, Packets received: 0", "Interface: vEthernet (WSL (Hyper-V firewall)), Bytes sent: 74533045, Bytes received: 2053290, Packets sent: 76877, Packets received: 25341"]}}}
{"Timestamp": "2023-12-08 01:38:30", "System_Logs": {"CPU_Percentage": 39.0}}
{"Timestamp": "2023-12-08 01:38:30", "System_Logs": {"Memory_Percentage": 78.8}}
{"Timestamp": "2023-12-08 01:38:30", "System_Logs": {"Disk_Usage": "Total: 237.68 GB, Used: 137.80 GB, Free: 99.88 GB, Percentage Used: 58.0%"}}
{"Timestamp": "2023-12-08 01:38:30", "System_Logs": {"Network_Stats": {"data": ["Interface: Ethernet, Bytes sent: 0, Bytes received: 0, Packets sent: 0, Packets received: 0", "Interface: Ethernet 3, Bytes sent: 0, Bytes received: 0, Packets sent: 0, Packets received: 0", "Interface: Local Area Connection* 1, Bytes sent: 0, Bytes received: 0, Packets sent: 0, Packets received: 0", "Interface: Local Area Connection* 2, Bytes sent: 0, Bytes received: 0, Packets sent: 0, Packets received: 0", "Interface: WiFi, Bytes sent: 88489200, Bytes received: 528257005, Packets sent: 408887, Packets received: 652113", "Interface: Loopback Pseudo-Interface 1, Bytes sent: 0, Bytes received: 0, Packets sent: 0, Packets received: 0", "Interface: vEthernet (WSL (Hyper-V firewall)), Bytes sent: 74533695, Bytes received: 2053290, Packets sent: 76880, Packets received: 25341"]}}}
{"Timestamp": "2023-12-08 01:38:36", "System_Logs": {"CPU_Percentage": 49.400000000000006}}
{"Timestamp": "2023-12-08 01:38:36", "System_Logs": {"Memory_Percentage": 83.1}}
{"Timestamp": "2023-12-08 01:38:36", "System_Logs": {"Disk_Usage": "Total: 237.68 GB, Used: 137.80 GB, Free: 99.88 GB, Percentage Used: 58.0%"}}
{"Timestamp": "2023-12-08 01:38:36", "System_Logs": {"Network_Stats": {"data": ["Interface: Ethernet, Bytes sent: 0, Bytes received: 0, Packets sent: 0, Packets received: 0", "Interface: Ethernet 3, Bytes sent: 0, Bytes received: 0, Packets sent: 0, Packets received: 0", "Interface: Local Area Connection* 1, Bytes sent: 0, Bytes received: 0, Packets sent: 0, Packets received: 0", "Interface: Local Area Connection* 2, Bytes sent: 0, Bytes received: 0, Packets sent: 0, Packets received: 0", "Interface: WiFi, Bytes sent: 88498538, Bytes received: 528271242, Packets sent: 408933, Packets received: 652157", "Interface: Loopback Pseudo-Interface 1, Bytes sent: 0, Bytes received: 0, Packets sent: 0, Packets received: 0", "Interface: vEthernet (WSL (Hyper-V firewall)), Bytes sent: 74534777, Bytes received: 2053290, Packets sent: 76885, Packets received: 25341"]}}}
{"Timestamp": "2023-12-08 01:38:42", "System_Logs": {"CPU_Percentage": 23.5}}
{"Timestamp": "2023-12-08 01:38:42", "System_Logs": {"Memory_Percentage": 85.4}}
{"Timestamp": "2023-12-08 01:38:42", "System_Logs": {"Disk_Usage": "Total: 237.68 GB, Used: 137.80 GB, Free: 99.88 GB, Percentage Used: 58.0%"}}
{"Timestamp": "2023-12-08 01:38:42", "System_Logs": {"Network_Stats": {"data": ["Interface: Ethernet, Bytes sent: 0, Bytes received: 0, Packets sent: 0, Packets received: 0", "Interface: Ethernet 3, Bytes sent: 0, Bytes received: 0, Packets sent: 0, Packets received: 0", "Interface: Local Area Connection* 1, Bytes sent: 0, Bytes received: 0, Packets sent: 0, Packets received: 0", "Interface: Local Area Connection* 2, Bytes sent: 0, Bytes received: 0, Packets sent: 0, Packets received: 0", "Interface: WiFi, Bytes sent: 88504204, Bytes received: 528281760, Packets sent: 408980, Packets received: 652210", "Interface: Loopback Pseudo-Interface 1, Bytes sent: 0, Bytes received: 0, Packets sent: 0, Packets received: 0", "Interface: vEthernet (WSL (Hyper-V firewall)), Bytes sent: 74534777, Bytes received: 2053290, Packets sent: 76885, Packets received: 25341"]}}}
{"Timestamp": "2023-12-08 01:38:48", "System_Logs": {"CPU_Percentage": 45.800000000000004}}
{"Timestamp": "2023-12-08 01:38:48", "System_Logs": {"Memory_Percentage": 85.1}}
{"Timestamp": "2023-12-08 01:38:48", "System_Logs": {"Disk_Usage": "Total: 237.68 GB, Used: 137.80 GB, Free: 99.88 GB, Percentage Used: 58.0%"}}
{"Timestamp": "2023-12-08 01:38:48", "System_Logs": {"Network_Stats": {"data": ["Interface: Ethernet, Bytes sent: 0, Bytes received: 0, Packets sent: 0, Packets received: 0", "Interface: Ethernet 3, Bytes sent: 0, Bytes received: 0, Packets sent: 0, Packets received: 0", "Interface: Local Area Connection* 1, Bytes sent: 0, Bytes received: 0, Packets sent: 0, Packets received: 0", "Interface: Local Area Connection* 2, Bytes sent: 0, Bytes received: 0, Packets sent: 0, Packets received: 0", "Interface: WiFi, Bytes sent: 88505561, Bytes received: 528283514, Packets sent: 409002, Packets received: 652234", "Interface: Loopback Pseudo-Interface 1, Bytes sent: 0, Bytes received: 0, Packets sent: 0, Packets received: 0", "Interface: vEthernet (WSL (Hyper-V firewall)), Bytes sent: 74534777, Bytes received: 2053290, Packets sent: 76885, Packets received: 25341"]}}}
{"Timestamp": "2023-12-08 01:38:54", "System_Logs": {"CPU_Percentage": 43.0}}
{"Timestamp": "2023-12-08 01:38:54", "System_Logs": {"Memory_Percentage": 85.1}}
{"Timestamp": "2023-12-08 01:38:54", "System_Logs": {"Disk_Usage": "Total: 237.68 GB, Used: 137.80 GB, Free: 99.88 GB, Percentage Used: 58.0%"}}
{"Timestamp": "2023-12-08 01:38:54", "System_Logs": {"Network_Stats": {"data": ["Interface: Ethernet, Bytes sent: 0, Bytes received: 0, Packets sent: 0, Packets received: 0", "Interface: Ethernet 3, Bytes sent: 0, Bytes received: 0, Packets sent: 0, Packets received: 0", "Interface: Local Area Connection* 1, Bytes sent: 0, Bytes received: 0, Packets sent: 0, Packets received: 0", "Interface: Local Area Connection* 2, Bytes sent: 0, Bytes received: 0, Packets sent: 0, Packets received: 0", "Interface: WiFi, Bytes sent: 88506636, Bytes received: 528285804, Packets sent: 409019, Packets received: 652251", "Interface: Loopback Pseudo-Interface 1, Bytes sent: 0, Bytes received: 0, Packets sent: 0, Packets received: 0", "Interface: vEthernet (WSL (Hyper-V firewall)), Bytes sent: 74534777, Bytes received: 2053290, Packets sent: 76885, Packets received: 25341"]}}}
{"Timestamp": "2023-12-08 01:39:30", "System_Logs": {"CPU_Percentage": 82.0}}
{"Timestamp": "2023-12-08 01:39:30", "System_Logs": {"Memory_Percentage": 84.5}}
{"Timestamp": "2023-12-08 01:39:30", "System_Logs": {"Disk_Usage": "Total: 237.68 GB, Used: 137.81 GB, Free: 99.87 GB, Percentage Used: 58.0%"}}
{"Timestamp": "2023-12-08 01:39:30", "System_Logs": {"Network_Stats": {"data": ["Interface: Ethernet, Bytes sent: 0, Bytes received: 0, Packets sent: 0, Packets received: 0", "Interface: Ethernet 3, Bytes sent: 0, Bytes received: 0, Packets sent: 0, Packets received: 0", "Interface: Local Area Connection* 1, Bytes sent: 0, Bytes received: 0, Packets sent: 0, Packets received: 0", "Interface: Local Area Connection* 2, Bytes sent: 0, Bytes received: 0, Packets sent: 0, Packets received: 0", "Interface: WiFi, Bytes sent: 88532279, Bytes received: 528331579, Packets sent: 409238, Packets received: 652483", "Interface: Loopback Pseudo-Interface 1, Bytes sent: 0, Bytes received: 0, Packets sent: 0, Packets received: 0", "Interface: vEthernet (WSL (Hyper-V firewall)), Bytes sent: 74534777, Bytes received: 2053290, Packets sent: 76885, Packets received: 25341"]}}}
{"Timestamp": "2023-12-08 01:39:36", "System_Logs": {"CPU_Percentage": 14.0}}
{"Timestamp": "2023-12-08 01:39:36", "System_Logs": {"Memory_Percentage": 84.8}}
{"Timestamp": "2023-12-08 01:39:36", "System_Logs": {"Disk_Usage": "Total: 237.68 GB, Used: 137.81 GB, Free: 99.87 GB, Percentage Used: 58.0%"}}
{"Timestamp": "2023-12-08 01:39:36", "System_Logs": {"Network_Stats": {"data": ["Interface: Ethernet, Bytes sent: 0, Bytes received: 0, Packets sent: 0, Packets received: 0", "Interface: Ethernet 3, Bytes sent: 0, Bytes received: 0, Packets sent: 0, Packets received: 0", "Interface: Local Area Connection* 1, Bytes sent: 0, Bytes received: 0, Packets sent: 0, Packets received: 0", "Interface: Local Area Connection* 2, Bytes sent: 0, Bytes received: 0, Packets sent: 0, Packets received: 0", "Interface: WiFi, Bytes sent: 88540152, Bytes received: 528336783, Packets sent: 409280, Packets received: 652520", "Interface: Loopback Pseudo-Interface 1, Bytes sent: 0, Bytes received: 0, Packets sent: 0, Packets received: 0", "Interface: vEthernet (WSL (Hyper-V firewall)), Bytes sent: 74534777, Bytes received: 2053290, Packets sent: 76885, Packets received: 25341"]}}}
{"Timestamp": "2023-12-08 01:39:42", "System_Logs": {"CPU_Percentage": 199.3}}
{"Timestamp": "2023-12-08 01:39:42", "System_Logs": {"Memory_Percentage": 77.7}}
{"Timestamp": "2023-12-08 01:39:42", "System_Logs": {"Disk_Usage": "Total: 237.68 GB, Used: 137.81 GB, Free: 99.87 GB, Percentage Used: 58.0%"}}
{"Timestamp": "2023-12-08 01:39:42", "System_Logs": {"Network_Stats": {"data": ["Interface: Ethernet, Bytes sent: 0, Bytes received: 0, Packets sent: 0, Packets received: 0", "Interface: Ethernet 3, Bytes sent: 0, Bytes received: 0, Packets sent: 0, Packets received: 0", "Interface: Local Area Connection* 1, Bytes sent: 0, Bytes received: 0, Packets sent: 0, Packets received: 0", "Interface: Local Area Connection* 2, Bytes sent: 0, Bytes received: 0, Packets sent: 0, Packets received: 0", "Interface: WiFi, Bytes sent: 88542322, Bytes received: 528338863, Packets sent: 409311, Packets received: 652549", "Interface: Loopback Pseudo-Interface 1, Bytes sent: 0, Bytes received: 0, Packets sent: 0, Packets received: 0", "Interface: vEthernet (WSL (Hyper-V firewall)), Bytes sent: 74534777, Bytes received: 2053290, Packets sent: 76885, Packets received: 25341"]}}}
{"Timestamp": "2023-12-08 01:39:48", "System_Logs": {"CPU_Percentage": 25.0}}
{"Timestamp": "2023-12-08 01:39:48", "System_Logs": {"Memory_Percentage": 77.1}}
{"Timestamp": "2023-12-08 01:39:48", "System_Logs": {"Disk_Usage": "Total: 237.68 GB, Used: 137.81 GB, Free: 99.87 GB, Percentage Used: 58.0%"}}
{"Timestamp": "2023-12-08 01:39:48", "System_Logs": {"Network_Stats": {"data": ["Interface: Ethernet, Bytes sent: 0, Bytes received: 0, Packets sent: 0, Packets received: 0", "Interface: Ethernet 3, Bytes sent: 0, Bytes received: 0, Packets sent: 0, Packets received: 0", "Interface: Local Area Connection* 1, Bytes sent: 0, Bytes received: 0, Packets sent: 0, Packets received: 0", "Interface: Local Area Connection* 2, Bytes sent: 0, Bytes received: 0, Packets sent: 0, Packets received: 0", "Interface: WiFi, Bytes sent: 88549421, Bytes received: 528344482, Packets sent: 409352, Packets received: 652594", "Interface: Loopback Pseudo-Interface 1, Bytes sent: 0, Bytes received: 0, Packets sent: 0, Packets received: 0", "Interface: vEthernet (WSL (Hyper-V firewall)), Bytes sent: 74534777, Bytes received: 2053290, Packets sent: 76885, Packets received: 25341"]}}}
{"Timestamp": "2023-12-08 01:39:54", "System_Logs": {"CPU_Percentage": 87.49999999999999}}
{"Timestamp": "2023-12-08 01:39:54", "System_Logs": {"Memory_Percentage": 77.1}}
{"Timestamp": "2023-12-08 01:39:54", "System_Logs": {"Disk_Usage": "Total: 237.68 GB, Used: 137.81 GB, Free: 99.87 GB, Percentage Used: 58.0%"}}
{"Timestamp": "2023-12-08 01:39:54", "System_Logs": {"Network_Stats": {"data": ["Interface: Ethernet, Bytes sent: 0, Bytes received: 0, Packets sent: 0, Packets received: 0", "Interface: Ethernet 3, Bytes sent: 0, Bytes received: 0, Packets sent: 0, Packets received: 0", "Interface: Local Area Connection* 1, Bytes sent: 0, Bytes received: 0, Packets sent: 0, Packets received: 0", "Interface: Local Area Connection* 2, Bytes sent: 0, Bytes received: 0, Packets sent: 0, Packets received: 0", "Interface: WiFi, Bytes sent: 88555787, Bytes received: 528356130, Packets sent: 409401, Packets received: 652640", "Interface: Loopback Pseudo-Interface 1, Bytes sent: 0, Bytes received: 0, Packets sent: 0, Packets received: 0", "Interface: vEthernet (WSL (Hyper-V firewall)), Bytes sent: 74534777, Bytes received: 2053290, Packets sent: 76885, Packets received: 25341"]}}}
{"Timestamp": "2023-12-08 01:40:00", "System_Logs": {"CPU_Percentage": 7.799999999999999}}
{"Timestamp": "2023-12-08 01:40:00", "System_Logs": {"Memory_Percentage": 77.0}}
{"Timestamp": "2023-12-08 01:40:00", "System_Logs": {"Disk_Usage": "Total: 237.68 GB, Used: 137.81 GB, Free: 99.87 GB, Percentage Used: 58.0%"}}
{"Timestamp": "2023-12-08 01:40:00", "System_Logs": {"Network_Stats": {"data": ["Interface: Ethernet, Bytes sent: 0, Bytes received: 0, Packets sent: 0, Packets received: 0", "Interface: Ethernet 3, Bytes sent: 0, Bytes received: 0, Packets sent: 0, Packets received: 0", "Interface: Local Area Connection* 1, Bytes sent: 0, Bytes received: 0, Packets sent: 0, Packets received: 0", "Interface: Local Area Connection* 2, Bytes sent: 0, Bytes received: 0, Packets sent: 0, Packets received: 0", "Interface: WiFi, Bytes sent: 88569745, Bytes received: 528368753, Packets sent: 409449, Packets received: 652691", "Interface: Loopback Pseudo-Interface 1, Bytes sent: 0, Bytes received: 0, Packets sent: 0, Packets received: 0", "Interface: vEthernet (WSL (Hyper-V firewall)), Bytes sent: 74534777, Bytes received: 2053290, Packets sent: 76885, Packets received: 25341"]}}}
{"Timestamp": "2023-12-08 01:40:06", "System_Logs": {"CPU_Percentage": 54.99999999999999}}
{"Timestamp": "2023-12-08 01:40:06", "System_Logs": {"Memory_Percentage": 77.3}}
{"Timestamp": "2023-12-08 01:40:06", "System_Logs": {"Disk_Usage": "Total: 237.68 GB, Used: 137.81 GB, Free: 99.87 GB, Percentage Used: 58.0%"}}
{"Timestamp": "2023-12-08 01:40:06", "System_Logs": {"Network_Stats": {"data": ["Interface: Ethernet, Bytes sent: 0, Bytes received: 0, Packets sent: 0, Packets received: 0", "Interface: Ethernet 3, Bytes sent: 0, Bytes received: 0, Packets sent: 0, Packets received: 0", "Interface: Local Area Connection* 1, Bytes sent: 0, Bytes received: 0, Packets sent: 0, Packets received: 0", "Interface: Local Area Connection* 2, Bytes sent: 0, Bytes received: 0, Packets sent: 0, Packets received: 0", "Interface: WiFi, Bytes sent: 88583395, Bytes received: 528378002, Packets sent: 409509, Packets received: 652749", "Interface: Loopback Pseudo-Interface 1, Bytes sent: 0, Bytes received: 0, Packets sent: 0, Packets received: 0", "Interface: vEthernet (WSL (Hyper-V firewall)), Bytes sent: 74534777, Bytes received: 2053290, Packets sent: 76885, Packets received: 25341"]}}}
{"Timestamp": "2023-12-08 01:40:12", "System_Logs": {"CPU_Percentage": 25.100000000000005}}
{"Timestamp": "2023-12-08 01:40:12", "System_Logs": {"Memory_Percentage": 77.2}}
{"Timestamp": "2023-12-08 01:40:12", "System_Logs": {"Disk_Usage": "Total: 237.68 GB, Used: 137.81 GB, Free: 99.87 GB, Percentage Used: 58.0%"}}
{"Timestamp": "2023-12-08 01:40:12", "System_Logs": {"Network_Stats": {"data": ["Interface: Ethernet, Bytes sent: 0, Bytes received: 0, Packets sent: 0, Packets received: 0", "Interface: Ethernet 3, Bytes sent: 0, Bytes received: 0, Packets sent: 0, Packets received: 0", "Interface: Local Area Connection* 1, Bytes sent: 0, Bytes received: 0, Packets sent: 0, Packets received: 0", "Interface: Local Area Connection* 2, Bytes sent: 0, Bytes received: 0, Packets sent: 0, Packets received: 0", "Interface: WiFi, Bytes sent: 88584812, Bytes received: 528379248, Packets sent: 409532, Packets received: 652768", "Interface: Loopback Pseudo-Interface 1, Bytes sent: 0, Bytes received: 0, Packets sent: 0, Packets received: 0", "Interface: vEthernet (WSL (Hyper-V firewall)), Bytes sent: 74534777, Bytes received: 2053290, Packets sent: 76885, Packets received: 25341"]}}}
{"Timestamp": "2023-12-08 01:40:18", "System_Logs": {"CPU_Percentage": 7.800000000000001}}
{"Timestamp": "2023-12-08 01:40:18", "System_Logs": {"Memory_Percentage": 76.8}}
{"Timestamp": "2023-12-08 01:40:18", "System_Logs": {"Disk_Usage": "Total: 237.68 GB, Used: 137.81 GB, Free: 99.87 GB, Percentage Used: 58.0%"}}
{"Timestamp": "2023-12-08 01:40:18", "System_Logs": {"Network_Stats": {"data": ["Interface: Ethernet, Bytes sent: 0, Bytes received: 0, Packets sent: 0, Packets received: 0", "Interface: Ethernet 3, Bytes sent: 0, Bytes received: 0, Packets sent: 0, Packets received: 0", "Interface: Local Area Connection* 1, Bytes sent: 0, Bytes received: 0, Packets sent: 0, Packets received: 0", "Interface: Local Area Connection* 2, Bytes sent: 0, Bytes received: 0, Packets sent: 0, Packets received: 0", "Interface: WiFi, Bytes sent: 88586271, Bytes received: 528381459, Packets sent: 409553, Packets received: 652791", "Interface: Loopback Pseudo-Interface 1, Bytes sent: 0, Bytes received: 0, Packets sent: 0, Packets received: 0", "Interface: vEthernet (WSL (Hyper-V firewall)), Bytes sent: 74534777, Bytes received: 2053290, Packets sent: 76885, Packets received: 25341"]}}}
{"Timestamp": "2023-12-08 01:40:24", "System_Logs": {"CPU_Percentage": 6.1}}
{"Timestamp": "2023-12-08 01:40:24", "System_Logs": {"Memory_Percentage": 76.9}}
{"Timestamp": "2023-12-08 01:40:24", "System_Logs": {"Disk_Usage": "Total: 237.68 GB, Used: 137.81 GB, Free: 99.87 GB, Percentage Used: 58.0%"}}
{"Timestamp": "2023-12-08 01:40:24", "System_Logs": {"Network_Stats": {"data": ["Interface: Ethernet, Bytes sent: 0, Bytes received: 0, Packets sent: 0, Packets received: 0", "Interface: Ethernet 3, Bytes sent: 0, Bytes received: 0, Packets sent: 0, Packets received: 0", "Interface: Local Area Connection* 1, Bytes sent: 0, Bytes received: 0, Packets sent: 0, Packets received: 0", "Interface: Local Area Connection* 2, Bytes sent: 0, Bytes received: 0, Packets sent: 0, Packets received: 0", "Interface: WiFi, Bytes sent: 88588434, Bytes received: 528383683, Packets sent: 409585, Packets received: 652821", "Interface: Loopback Pseudo-Interface 1, Bytes sent: 0, Bytes received: 0, Packets sent: 0, Packets received: 0", "Interface: vEthernet (WSL (Hyper-V firewall)), Bytes sent: 74534777, Bytes received: 2053290, Packets sent: 76885, Packets received: 25341"]}}}
{"Timestamp": "2023-12-08 01:41:00", "System_Logs": {"CPU_Percentage": 12.299999999999999}}
{"Timestamp": "2023-12-08 01:41:00", "System_Logs": {"Memory_Percentage": 76.9}}
{"Timestamp": "2023-12-08 01:41:00", "System_Logs": {"Disk_Usage": "Total: 237.68 GB, Used: 137.81 GB, Free: 99.87 GB, Percentage Used: 58.0%"}}
{"Timestamp": "2023-12-08 01:41:00", "System_Logs": {"Network_Stats": {"data": ["Interface: Ethernet, Bytes sent: 0, Bytes received: 0, Packets sent: 0, Packets received: 0", "Interface: Ethernet 3, Bytes sent: 0, Bytes received: 0, Packets sent: 0, Packets received: 0", "Interface: Local Area Connection* 1, Bytes sent: 0, Bytes received: 0, Packets sent: 0, Packets received: 0", "Interface: Local Area Connection* 2, Bytes sent: 0, Bytes received: 0, Packets sent: 0, Packets received: 0", "Interface: WiFi, Bytes sent: 88627335, Bytes received: 528421273, Packets sent: 409773, Packets received: 653023", "Interface: Loopback Pseudo-Interface 1, Bytes sent: 0, Bytes received: 0, Packets sent: 0, Packets received: 0", "Interface: vEthernet (WSL (Hyper-V firewall)), Bytes sent: 74536509, Bytes received: 2053290, Packets sent: 76893, Packets received: 25341"]}}}
{"Timestamp": "2023-12-08 01:41:06", "System_Logs": {"CPU_Percentage": 3.1}}
{"Timestamp": "2023-12-08 01:41:06", "System_Logs": {"Memory_Percentage": 76.9}}
{"Timestamp": "2023-12-08 01:41:06", "System_Logs": {"Disk_Usage": "Total: 237.68 GB, Used: 137.81 GB, Free: 99.87 GB, Percentage Used: 58.0%"}}
{"Timestamp": "2023-12-08 01:41:06", "System_Logs": {"Network_Stats": {"data": ["Interface: Ethernet, Bytes sent: 0, Bytes received: 0, Packets sent: 0, Packets received: 0", "Interface: Ethernet 3, Bytes sent: 0, Bytes received: 0, Packets sent: 0, Packets received: 0", "Interface: Local Area Connection* 1, Bytes sent: 0, Bytes received: 0, Packets sent: 0, Packets received: 0", "Interface: Local Area Connection* 2, Bytes sent: 0, Bytes received: 0, Packets sent: 0, Packets received: 0", "Interface: WiFi, Bytes sent: 88639137, Bytes received: 528439637, Packets sent: 409839, Packets received: 653096", "Interface: Loopback Pseudo-Interface 1, Bytes sent: 0, Bytes received: 0, Packets sent: 0, Packets received: 0", "Interface: vEthernet (WSL (Hyper-V firewall)), Bytes sent: 74536509, Bytes received: 2053290, Packets sent: 76893, Packets received: 25341"]}}}
{"Timestamp": "2023-12-08 01:41:12", "System_Logs": {"CPU_Percentage": 24.800000000000004}}
{"Timestamp": "2023-12-08 01:41:12", "System_Logs": {"Memory_Percentage": 76.9}}
{"Timestamp": "2023-12-08 01:41:12", "System_Logs": {"Disk_Usage": "Total: 237.68 GB, Used: 137.81 GB, Free: 99.87 GB, Percentage Used: 58.0%"}}
{"Timestamp": "2023-12-08 01:41:12", "System_Logs": {"Network_Stats": {"data": ["Interface: Ethernet, Bytes sent: 0, Bytes received: 0, Packets sent: 0, Packets received: 0", "Interface: Ethernet 3, Bytes sent: 0, Bytes received: 0, Packets sent: 0, Packets received: 0", "Interface: Local Area Connection* 1, Bytes sent: 0, Bytes received: 0, Packets sent: 0, Packets received: 0", "Interface: Local Area Connection* 2, Bytes sent: 0, Bytes received: 0, Packets sent: 0, Packets received: 0", "Interface: WiFi, Bytes sent: 88644228, Bytes received: 528443316, Packets sent: 409870, Packets received: 653129", "Interface: Loopback Pseudo-Interface 1, Bytes sent: 0, Bytes received: 0, Packets sent: 0, Packets received: 0", "Interface: vEthernet (WSL (Hyper-V firewall)), Bytes sent: 74536509, Bytes received: 2053290, Packets sent: 76893, Packets received: 25341"]}}}
{"Timestamp": "2023-12-08 01:41:18", "System_Logs": {"CPU_Percentage": 97.7}}
{"Timestamp": "2023-12-08 01:41:18", "System_Logs": {"Memory_Percentage": 77.3}}
{"Timestamp": "2023-12-08 01:41:18", "System_Logs": {"Disk_Usage": "Total: 237.68 GB, Used: 137.81 GB, Free: 99.87 GB, Percentage Used: 58.0%"}}
{"Timestamp": "2023-12-08 01:41:18", "System_Logs": {"Network_Stats": {"data": ["Interface: Ethernet, Bytes sent: 0, Bytes received: 0, Packets sent: 0, Packets received: 0", "Interface: Ethernet 3, Bytes sent: 0, Bytes received: 0, Packets sent: 0, Packets received: 0", "Interface: Local Area Connection* 1, Bytes sent: 0, Bytes received: 0, Packets sent: 0, Packets received: 0", "Interface: Local Area Connection* 2, Bytes sent: 0, Bytes received: 0, Packets sent: 0, Packets received: 0", "Interface: WiFi, Bytes sent: 88645351, Bytes received: 528444961, Packets sent: 409888, Packets received: 653148", "Interface: Loopback Pseudo-Interface 1, Bytes sent: 0, Bytes received: 0, Packets sent: 0, Packets received: 0", "Interface: vEthernet (WSL (Hyper-V firewall)), Bytes sent: 74536509, Bytes received: 2053290, Packets sent: 76893, Packets received: 25341"]}}}
{"Timestamp": "2023-12-08 01:41:24", "System_Logs": {"CPU_Percentage": 9.4}}
{"Timestamp": "2023-12-08 01:41:24", "System_Logs": {"Memory_Percentage": 77.3}}
{"Timestamp": "2023-12-08 01:41:24", "System_Logs": {"Disk_Usage": "Total: 237.68 GB, Used: 137.81 GB, Free: 99.87 GB, Percentage Used: 58.0%"}}
{"Timestamp": "2023-12-08 01:41:24", "System_Logs": {"Network_Stats": {"data": ["Interface: Ethernet, Bytes sent: 0, Bytes received: 0, Packets sent: 0, Packets received: 0", "Interface: Ethernet 3, Bytes sent: 0, Bytes received: 0, Packets sent: 0, Packets received: 0", "Interface: Local Area Connection* 1, Bytes sent: 0, Bytes received: 0, Packets sent: 0, Packets received: 0", "Interface: Local Area Connection* 2, Bytes sent: 0, Bytes received: 0, Packets sent: 0, Packets received: 0", "Interface: WiFi, Bytes sent: 88651382, Bytes received: 528454190, Packets sent: 409940, Packets received: 653195", "Interface: Loopback Pseudo-Interface 1, Bytes sent: 0, Bytes received: 0, Packets sent: 0, Packets received: 0", "Interface: vEthernet (WSL (Hyper-V firewall)), Bytes sent: 74536509, Bytes received: 2053290, Packets sent: 76893, Packets received: 25341"]}}}
{"Timestamp": "2023-12-08 01:41:30", "System_Logs": {"CPU_Percentage": 35.7}}
{"Timestamp": "2023-12-08 01:41:30", "System_Logs": {"Memory_Percentage": 77.0}}
{"Timestamp": "2023-12-08 01:41:30", "System_Logs": {"Disk_Usage": "Total: 237.68 GB, Used: 137.81 GB, Free: 99.87 GB, Percentage Used: 58.0%"}}
{"Timestamp": "2023-12-08 01:41:30", "System_Logs": {"Network_Stats": {"data": ["Interface: Ethernet, Bytes sent: 0, Bytes received: 0, Packets sent: 0, Packets received: 0", "Interface: Ethernet 3, Bytes sent: 0, Bytes received: 0, Packets sent: 0, Packets received: 0", "Interface: Local Area Connection* 1, Bytes sent: 0, Bytes received: 0, Packets sent: 0, Packets received: 0", "Interface: Local Area Connection* 2, Bytes sent: 0, Bytes received: 0, Packets sent: 0, Packets received: 0", "Interface: WiFi, Bytes sent: 88652971, Bytes received: 528456282, Packets sent: 409964, Packets received: 653219", "Interface: Loopback Pseudo-Interface 1, Bytes sent: 0, Bytes received: 0, Packets sent: 0, Packets received: 0", "Interface: vEthernet (WSL (Hyper-V firewall)), Bytes sent: 74536509, Bytes received: 2053290, Packets sent: 76893, Packets received: 25341"]}}}
{"Timestamp": "2023-12-08 01:41:36", "System_Logs": {"CPU_Percentage": 23.300000000000004}}
{"Timestamp": "2023-12-08 01:41:36", "System_Logs": {"Memory_Percentage": 77.2}}
{"Timestamp": "2023-12-08 01:41:36", "System_Logs": {"Disk_Usage": "Total: 237.68 GB, Used: 137.81 GB, Free: 99.87 GB, Percentage Used: 58.0%"}}
{"Timestamp": "2023-12-08 01:41:36", "System_Logs": {"Network_Stats": {"data": ["Interface: Ethernet, Bytes sent: 0, Bytes received: 0, Packets sent: 0, Packets received: 0", "Interface: Ethernet 3, Bytes sent: 0, Bytes received: 0, Packets sent: 0, Packets received: 0", "Interface: Local Area Connection* 1, Bytes sent: 0, Bytes received: 0, Packets sent: 0, Packets received: 0", "Interface: Local Area Connection* 2, Bytes sent: 0, Bytes received: 0, Packets sent: 0, Packets received: 0", "Interface: WiFi, Bytes sent: 88666988, Bytes received: 528494999, Packets sent: 410052, Packets received: 653322", "Interface: Loopback Pseudo-Interface 1, Bytes sent: 0, Bytes received: 0, Packets sent: 0, Packets received: 0", "Interface: vEthernet (WSL (Hyper-V firewall)), Bytes sent: 74536867, Bytes received: 2053290, Packets sent: 76895, Packets received: 25341"]}}}
{"Timestamp": "2023-12-08 01:41:42", "System_Logs": {"CPU_Percentage": 13.7}}
{"Timestamp": "2023-12-08 01:41:42", "System_Logs": {"Memory_Percentage": 77.3}}
{"Timestamp": "2023-12-08 01:41:42", "System_Logs": {"Disk_Usage": "Total: 237.68 GB, Used: 137.81 GB, Free: 99.87 GB, Percentage Used: 58.0%"}}
{"Timestamp": "2023-12-08 01:41:42", "System_Logs": {"Network_Stats": {"data": ["Interface: Ethernet, Bytes sent: 0, Bytes received: 0, Packets sent: 0, Packets received: 0", "Interface: Ethernet 3, Bytes sent: 0, Bytes received: 0, Packets sent: 0, Packets received: 0", "Interface: Local Area Connection* 1, Bytes sent: 0, Bytes received: 0, Packets sent: 0, Packets received: 0", "Interface: Local Area Connection* 2, Bytes sent: 0, Bytes received: 0, Packets sent: 0, Packets received: 0", "Interface: WiFi, Bytes sent: 88671163, Bytes received: 528500555, Packets sent: 410093, Packets received: 653363", "Interface: Loopback Pseudo-Interface 1, Bytes sent: 0, Bytes received: 0, Packets sent: 0, Packets received: 0", "Interface: vEthernet (WSL (Hyper-V firewall)), Bytes sent: 74537046, Bytes received: 2053290, Packets sent: 76896, Packets received: 25341"]}}}
{"Timestamp": "2023-12-08 01:41:48", "System_Logs": {"CPU_Percentage": 22.000000000000004}}
{"Timestamp": "2023-12-08 01:41:48", "System_Logs": {"Memory_Percentage": 77.2}}
{"Timestamp": "2023-12-08 01:41:48", "System_Logs": {"Disk_Usage": "Total: 237.68 GB, Used: 137.81 GB, Free: 99.87 GB, Percentage Used: 58.0%"}}
{"Timestamp": "2023-12-08 01:41:49", "System_Logs": {"Network_Stats": {"data": ["Interface: Ethernet, Bytes sent: 0, Bytes received: 0, Packets sent: 0, Packets received: 0", "Interface: Ethernet 3, Bytes sent: 0, Bytes received: 0, Packets sent: 0, Packets received: 0", "Interface: Local Area Connection* 1, Bytes sent: 0, Bytes received: 0, Packets sent: 0, Packets received: 0", "Interface: Local Area Connection* 2, Bytes sent: 0, Bytes received: 0, Packets sent: 0, Packets received: 0", "Interface: WiFi, Bytes sent: 88677814, Bytes received: 528505892, Packets sent: 410137, Packets received: 653410", "Interface: Loopback Pseudo-Interface 1, Bytes sent: 0, Bytes received: 0, Packets sent: 0, Packets received: 0", "Interface: vEthernet (WSL (Hyper-V firewall)), Bytes sent: 74537046, Bytes received: 2053290, Packets sent: 76896, Packets received: 25341"]}}}
{"Timestamp": "2023-12-08 01:41:55", "System_Logs": {"CPU_Percentage": 22.1}}
{"Timestamp": "2023-12-08 01:41:55", "System_Logs": {"Memory_Percentage": 77.3}}
{"Timestamp": "2023-12-08 01:41:55", "System_Logs": {"Disk_Usage": "Total: 237.68 GB, Used: 137.81 GB, Free: 99.87 GB, Percentage Used: 58.0%"}}
{"Timestamp": "2023-12-08 01:41:55", "System_Logs": {"Network_Stats": {"data": ["Interface: Ethernet, Bytes sent: 0, Bytes received: 0, Packets sent: 0, Packets received: 0", "Interface: Ethernet 3, Bytes sent: 0, Bytes received: 0, Packets sent: 0, Packets received: 0", "Interface: Local Area Connection* 1, Bytes sent: 0, Bytes received: 0, Packets sent: 0, Packets received: 0", "Interface: Local Area Connection* 2, Bytes sent: 0, Bytes received: 0, Packets sent: 0, Packets received: 0", "Interface: WiFi, Bytes sent: 88683334, Bytes received: 528513539, Packets sent: 410167, Packets received: 653445", "Interface: Loopback Pseudo-Interface 1, Bytes sent: 0, Bytes received: 0, Packets sent: 0, Packets received: 0", "Interface: vEthernet (WSL (Hyper-V firewall)), Bytes sent: 74537046, Bytes received: 2053290, Packets sent: 76896, Packets received: 25341"]}}}
{"Timestamp": "2023-12-08 01:42:31", "System_Logs": {"CPU_Percentage": 12.6}}
{"Timestamp": "2023-12-08 01:42:31", "System_Logs": {"Memory_Percentage": 77.3}}
{"Timestamp": "2023-12-08 01:42:31", "System_Logs": {"Disk_Usage": "Total: 237.68 GB, Used: 137.78 GB, Free: 99.90 GB, Percentage Used: 58.0%"}}
{"Timestamp": "2023-12-08 01:42:31", "System_Logs": {"Network_Stats": {"data": ["Interface: Ethernet, Bytes sent: 0, Bytes received: 0, Packets sent: 0, Packets received: 0", "Interface: Ethernet 3, Bytes sent: 0, Bytes received: 0, Packets sent: 0, Packets received: 0", "Interface: Local Area Connection* 1, Bytes sent: 0, Bytes received: 0, Packets sent: 0, Packets received: 0", "Interface: Local Area Connection* 2, Bytes sent: 0, Bytes received: 0, Packets sent: 0, Packets received: 0", "Interface: WiFi, Bytes sent: 88722198, Bytes received: 528551201, Packets sent: 410372, Packets received: 653655", "Interface: Loopback Pseudo-Interface 1, Bytes sent: 0, Bytes received: 0, Packets sent: 0, Packets received: 0", "Interface: vEthernet (WSL (Hyper-V firewall)), Bytes sent: 74537912, Bytes received: 2053290, Packets sent: 76900, Packets received: 25341"]}}}
{"Timestamp": "2023-12-08 01:42:37", "System_Logs": {"CPU_Percentage": 9.3}}
{"Timestamp": "2023-12-08 01:42:37", "System_Logs": {"Memory_Percentage": 77.2}}
{"Timestamp": "2023-12-08 01:42:37", "System_Logs": {"Disk_Usage": "Total: 237.68 GB, Used: 137.78 GB, Free: 99.90 GB, Percentage Used: 58.0%"}}
{"Timestamp": "2023-12-08 01:42:37", "System_Logs": {"Network_Stats": {"data": ["Interface: Ethernet, Bytes sent: 0, Bytes received: 0, Packets sent: 0, Packets received: 0", "Interface: Ethernet 3, Bytes sent: 0, Bytes received: 0, Packets sent: 0, Packets received: 0", "Interface: Local Area Connection* 1, Bytes sent: 0, Bytes received: 0, Packets sent: 0, Packets received: 0", "Interface: Local Area Connection* 2, Bytes sent: 0, Bytes received: 0, Packets sent: 0, Packets received: 0", "Interface: WiFi, Bytes sent: 88728406, Bytes received: 528556524, Packets sent: 410400, Packets received: 653682", "Interface: Loopback Pseudo-Interface 1, Bytes sent: 0, Bytes received: 0, Packets sent: 0, Packets received: 0", "Interface: vEthernet (WSL (Hyper-V firewall)), Bytes sent: 74538778, Bytes received: 2053290, Packets sent: 76904, Packets received: 25341"]}}}
{"Timestamp": "2023-12-08 01:42:43", "System_Logs": {"CPU_Percentage": 24.800000000000004}}
{"Timestamp": "2023-12-08 01:42:43", "System_Logs": {"Memory_Percentage": 77.2}}
{"Timestamp": "2023-12-08 01:42:43", "System_Logs": {"Disk_Usage": "Total: 237.68 GB, Used: 137.78 GB, Free: 99.90 GB, Percentage Used: 58.0%"}}
{"Timestamp": "2023-12-08 01:42:43", "System_Logs": {"Network_Stats": {"data": ["Interface: Ethernet, Bytes sent: 0, Bytes received: 0, Packets sent: 0, Packets received: 0", "Interface: Ethernet 3, Bytes sent: 0, Bytes received: 0, Packets sent: 0, Packets received: 0", "Interface: Local Area Connection* 1, Bytes sent: 0, Bytes received: 0, Packets sent: 0, Packets received: 0", "Interface: Local Area Connection* 2, Bytes sent: 0, Bytes received: 0, Packets sent: 0, Packets received: 0", "Interface: WiFi, Bytes sent: 88730254, Bytes received: 528559062, Packets sent: 410422, Packets received: 653705", "Interface: Loopback Pseudo-Interface 1, Bytes sent: 0, Bytes received: 0, Packets sent: 0, Packets received: 0", "Interface: vEthernet (WSL (Hyper-V firewall)), Bytes sent: 74539158, Bytes received: 2053290, Packets sent: 76908, Packets received: 25341"]}}}
{"Timestamp": "2023-12-08 01:42:49", "System_Logs": {"CPU_Percentage": 22.1}}
{"Timestamp": "2023-12-08 01:42:49", "System_Logs": {"Memory_Percentage": 77.0}}
{"Timestamp": "2023-12-08 01:42:49", "System_Logs": {"Disk_Usage": "Total: 237.68 GB, Used: 137.78 GB, Free: 99.90 GB, Percentage Used: 58.0%"}}
{"Timestamp": "2023-12-08 01:42:49", "System_Logs": {"Network_Stats": {"data": ["Interface: Ethernet, Bytes sent: 0, Bytes received: 0, Packets sent: 0, Packets received: 0", "Interface: Ethernet 3, Bytes sent: 0, Bytes received: 0, Packets sent: 0, Packets received: 0", "Interface: Local Area Connection* 1, Bytes sent: 0, Bytes received: 0, Packets sent: 0, Packets received: 0", "Interface: Local Area Connection* 2, Bytes sent: 0, Bytes received: 0, Packets sent: 0, Packets received: 0", "Interface: WiFi, Bytes sent: 88731810, Bytes received: 528560642, Packets sent: 410444, Packets received: 653727", "Interface: Loopback Pseudo-Interface 1, Bytes sent: 0, Bytes received: 0, Packets sent: 0, Packets received: 0", "Interface: vEthernet (WSL (Hyper-V firewall)), Bytes sent: 74539158, Bytes received: 2053290, Packets sent: 76908, Packets received: 25341"]}}}
{"Timestamp": "2023-12-08 01:42:55", "System_Logs": {"CPU_Percentage": 10.9}}
{"Timestamp": "2023-12-08 01:42:55", "System_Logs": {"Memory_Percentage": 76.7}}
{"Timestamp": "2023-12-08 01:42:55", "System_Logs": {"Disk_Usage": "Total: 237.68 GB, Used: 137.78 GB, Free: 99.90 GB, Percentage Used: 58.0%"}}
{"Timestamp": "2023-12-08 01:42:55", "System_Logs": {"Network_Stats": {"data": ["Interface: Ethernet, Bytes sent: 0, Bytes received: 0, Packets sent: 0, Packets received: 0", "Interface: Ethernet 3, Bytes sent: 0, Bytes received: 0, Packets sent: 0, Packets received: 0", "Interface: Local Area Connection* 1, Bytes sent: 0, Bytes received: 0, Packets sent: 0, Packets received: 0", "Interface: Local Area Connection* 2, Bytes sent: 0, Bytes received: 0, Packets sent: 0, Packets received: 0", "Interface: WiFi, Bytes sent: 88732751, Bytes received: 528572965, Packets sent: 410457, Packets received: 653762", "Interface: Loopback Pseudo-Interface 1, Bytes sent: 0, Bytes received: 0, Packets sent: 0, Packets received: 0", "Interface: vEthernet (WSL (Hyper-V firewall)), Bytes sent: 74539158, Bytes received: 2053290, Packets sent: 76908, Packets received: 25341"]}}}
